INFO: detected velvet defline format

INFO: NODE_104_length_497_cov_83.935714 too short
INFO: NODE_105_length_468_cov_75.140665 too short
INFO: NODE_106_length_443_cov_47.461749 too short
INFO: NODE_107_length_438_cov_33.853186 too short
INFO: NODE_108_length_422_cov_77.026087 too short
INFO: NODE_109_length_421_cov_54.659884 too short
INFO: NODE_110_length_395_cov_96.075472 too short
INFO: NODE_111_length_370_cov_66.583618 too short
INFO: NODE_112_length_365_cov_66.364583 too short
INFO: NODE_113_length_349_cov_0.867647 too short
INFO: NODE_113_length_349_cov_0.867647 low coverage
INFO: NODE_114_length_340_cov_482.007605 too short
INFO: NODE_115_length_338_cov_317.099617 too short
INFO: NODE_116_length_338_cov_64.739464 too short
INFO: NODE_117_length_335_cov_64.015504 too short
INFO: NODE_118_length_326_cov_63.092369 too short
INFO: NODE_119_length_303_cov_101.340708 too short
INFO: NODE_120_length_298_cov_228.389140 too short
INFO: NODE_121_length_297_cov_45.445455 too short
INFO: NODE_122_length_290_cov_35.300469 too short
INFO: NODE_123_length_288_cov_77.109005 too short
INFO: NODE_124_length_287_cov_63.638095 too short
INFO: NODE_125_length_287_cov_52.457143 too short
INFO: NODE_126_length_284_cov_42.908213 too short
INFO: NODE_127_length_283_cov_48.878641 too short
INFO: NODE_128_length_280_cov_40.206897 too short
INFO: NODE_129_length_278_cov_65.835821 too short
INFO: NODE_130_length_275_cov_57.000000 too short
INFO: NODE_131_length_270_cov_145.948187 too short
INFO: NODE_132_length_270_cov_55.124352 too short
INFO: NODE_133_length_266_cov_33.349206 too short
INFO: NODE_134_length_262_cov_42.102703 too short
INFO: NODE_135_length_260_cov_417.081967 too short
INFO: NODE_136_length_259_cov_30.846154 too short
INFO: NODE_137_length_258_cov_29.198895 too short
INFO: NODE_138_length_257_cov_102.711111 too short
INFO: NODE_139_length_243_cov_176.138554 too short
INFO: NODE_140_length_241_cov_101.518293 too short
INFO: NODE_141_length_237_cov_36.331250 too short
INFO: NODE_142_length_236_cov_399.855346 too short
INFO: NODE_143_length_229_cov_37.763158 too short
INFO: NODE_144_length_221_cov_79.368056 too short
INFO: NODE_145_length_221_cov_34.097222 too short
INFO: NODE_146_length_220_cov_377.811189 too short
INFO: NODE_147_length_220_cov_58.776224 too short
INFO: NODE_148_length_220_cov_40.566434 too short
INFO: NODE_149_length_217_cov_21.478571 too short
INFO: NODE_150_length_216_cov_33.460432 too short
INFO: NODE_151_length_215_cov_86.123188 too short
INFO: NODE_152_length_213_cov_42.610294 too short
INFO: NODE_153_length_211_cov_45.410448 too short
INFO: NODE_154_length_207_cov_59.030769 too short
INFO: NODE_155_length_204_cov_40.181102 too short
INFO: NODE_156_length_202_cov_30.768000 too short
INFO: NODE_157_length_200_cov_27.113821 too short
INFO: NODE_158_length_197_cov_54.083333 too short
INFO: NODE_159_length_196_cov_599.050420 too short
INFO: NODE_160_length_194_cov_311.649573 too short
INFO: NODE_161_length_194_cov_165.316239 too short
INFO: NODE_162_length_194_cov_34.282051 too short
INFO: NODE_163_length_188_cov_100.414414 too short
INFO: NODE_164_length_184_cov_106.700935 too short
INFO: NODE_165_length_181_cov_56.923077 too short
INFO: NODE_166_length_180_cov_73.572816 too short
INFO: NODE_167_length_180_cov_48.300971 too short
INFO: NODE_168_length_178_cov_60.306931 too short
INFO: NODE_169_length_178_cov_46.118812 too short
INFO: NODE_170_length_175_cov_58.336735 too short
INFO: NODE_171_length_174_cov_30.082474 too short
INFO: NODE_172_length_173_cov_47.291667 too short
INFO: NODE_173_length_170_cov_67.075269 too short
INFO: NODE_174_length_168_cov_40.241758 too short
INFO: NODE_175_length_168_cov_20.780220 too short
INFO: NODE_176_length_166_cov_90.696629 too short
INFO: NODE_177_length_166_cov_39.921348 too short
INFO: NODE_178_length_166_cov_20.438202 too short
INFO: NODE_179_length_165_cov_230.829545 too short
INFO: NODE_180_length_164_cov_510.724138 too short
INFO: NODE_181_length_164_cov_59.022989 too short
INFO: NODE_182_length_163_cov_45.232558 too short
INFO: NODE_183_length_162_cov_55.400000 too short
INFO: NODE_184_length_161_cov_452.773810 too short
INFO: NODE_185_length_156_cov_49.291139 too short
INFO: NODE_186_length_155_cov_472.358974 too short
INFO: NODE_187_length_155_cov_471.743590 too short
INFO: NODE_188_length_155_cov_301.397436 too short
INFO: NODE_189_length_155_cov_300.641026 too short
INFO: NODE_190_length_155_cov_215.705128 too short
INFO: NODE_191_length_155_cov_210.435897 too short
INFO: NODE_192_length_155_cov_197.435897 too short
INFO: NODE_193_length_155_cov_185.051282 too short
INFO: NODE_194_length_155_cov_163.166667 too short
INFO: NODE_195_length_155_cov_159.371795 too short
INFO: NODE_196_length_155_cov_146.487179 too short
INFO: NODE_197_length_155_cov_144.371795 too short
INFO: NODE_198_length_155_cov_132.256410 too short
INFO: NODE_199_length_155_cov_126.128205 too short
INFO: NODE_200_length_155_cov_76.551282 too short
INFO: NODE_201_length_155_cov_64.679487 too short
INFO: NODE_202_length_155_cov_58.474359 too short
INFO: NODE_203_length_155_cov_52.833333 too short
INFO: NODE_204_length_155_cov_46.282051 too short
INFO: NODE_205_length_155_cov_46.243590 too short
INFO: NODE_206_length_155_cov_42.294872 too short
INFO: NODE_207_length_155_cov_34.307692 too short
INFO: NODE_208_length_155_cov_31.230769 too short
INFO: NODE_209_length_155_cov_13.064103 too short
INFO: NODE_210_length_154_cov_90.480519 too short
INFO: NODE_211_length_154_cov_43.519481 too short
INFO: NODE_212_length_153_cov_71.763158 too short
INFO: NODE_213_length_152_cov_28.506667 too short
INFO: NODE_214_length_150_cov_73.808219 too short
INFO: NODE_215_length_150_cov_43.835616 too short
INFO: NODE_216_length_149_cov_88.000000 too short
INFO: NODE_217_length_149_cov_78.402778 too short
INFO: NODE_218_length_149_cov_61.583333 too short
INFO: NODE_219_length_148_cov_160.394366 too short
INFO: NODE_220_length_147_cov_154.685714 too short
INFO: NODE_221_length_147_cov_136.971429 too short
INFO: NODE_222_length_147_cov_51.342857 too short
INFO: NODE_223_length_146_cov_67.855072 too short
INFO: NODE_224_length_145_cov_157.044118 too short
INFO: NODE_225_length_144_cov_56.910448 too short
INFO: NODE_226_length_142_cov_24.476923 too short
INFO: NODE_227_length_140_cov_133.952381 too short
INFO: NODE_228_length_139_cov_67.887097 too short
INFO: NODE_229_length_138_cov_152.950820 too short
INFO: NODE_230_length_136_cov_139.000000 too short
INFO: NODE_231_length_135_cov_37.086207 too short
INFO: NODE_232_length_134_cov_246.122807 too short
INFO: NODE_233_length_133_cov_15.500000 too short
INFO: NODE_234_length_132_cov_52.636364 too short
INFO: NODE_235_length_130_cov_120.622642 too short
INFO: NODE_236_length_130_cov_31.698113 too short
INFO: NODE_237_length_128_cov_232.666667 too short
INFO: NODE_238_length_128_cov_111.666667 too short
INFO: NODE_239_length_128_cov_87.980392 too short
INFO: NODE_240_length_128_cov_9.607843 too short
INFO: NODE_241_length_127_cov_87.660000 too short
INFO: NODE_242_length_125_cov_441.437500 too short
INFO: NODE_243_length_125_cov_253.541667 too short
INFO: NODE_244_length_124_cov_629.702128 too short
INFO: NODE_245_length_124_cov_129.382979 too short
INFO: NODE_246_length_124_cov_79.659574 too short
INFO: NODE_247_length_124_cov_65.148936 too short
INFO: NODE_248_length_123_cov_191.130435 too short
INFO: NODE_249_length_123_cov_72.673913 too short
INFO: NODE_250_length_122_cov_121.711111 too short
INFO: NODE_251_length_122_cov_103.111111 too short
INFO: NODE_252_length_122_cov_50.111111 too short
INFO: NODE_253_length_121_cov_195.568182 too short
INFO: NODE_254_length_121_cov_167.454545 too short
INFO: NODE_255_length_121_cov_110.090909 too short
INFO: NODE_256_length_121_cov_79.477273 too short
INFO: NODE_257_length_121_cov_6.886364 too short
INFO: NODE_258_length_120_cov_66.186047 too short
INFO: NODE_259_length_120_cov_8.162791 too short
INFO: NODE_260_length_119_cov_115.428571 too short
INFO: NODE_261_length_118_cov_28.219512 too short
INFO: NODE_262_length_117_cov_40.325000 too short
INFO: NODE_263_length_116_cov_284.923077 too short
INFO: NODE_264_length_116_cov_147.769231 too short
INFO: NODE_265_length_116_cov_122.641026 too short
INFO: NODE_266_length_116_cov_87.435897 too short
INFO: NODE_267_length_116_cov_77.487179 too short
INFO: NODE_268_length_116_cov_50.358974 too short
INFO: NODE_269_length_116_cov_46.923077 too short
INFO: NODE_270_length_116_cov_30.307692 too short
INFO: NODE_271_length_115_cov_63.105263 too short
INFO: NODE_272_length_112_cov_220.971429 too short
INFO: NODE_273_length_112_cov_68.114286 too short
INFO: NODE_274_length_112_cov_55.571429 too short
INFO: NODE_275_length_111_cov_48.676471 too short
INFO: NODE_276_length_110_cov_160.575758 too short
INFO: NODE_277_length_110_cov_71.787879 too short
INFO: NODE_278_length_110_cov_24.484848 too short
INFO: NODE_279_length_109_cov_155.062500 too short
INFO: NODE_280_length_109_cov_91.937500 too short
INFO: NODE_281_length_107_cov_354.866667 too short
INFO: NODE_282_length_106_cov_64.862069 too short
INFO: NODE_283_length_105_cov_210.571429 too short
INFO: NODE_284_length_105_cov_136.107143 too short
INFO: NODE_285_length_105_cov_57.500000 too short
INFO: NODE_286_length_104_cov_51.444444 too short
INFO: NODE_287_length_104_cov_34.962963 too short
INFO: NODE_288_length_104_cov_22.518519 too short
INFO: NODE_289_length_102_cov_122.240000 too short
INFO: NODE_290_length_102_cov_47.440000 too short
INFO: NODE_291_length_101_cov_186.041667 too short
INFO: NODE_292_length_101_cov_59.791667 too short
INFO: NODE_293_length_100_cov_73.217391 too short
INFO: NODE_294_length_100_cov_16.217391 too short
INFO: NODE_295_length_99_cov_142.363636 too short
INFO: NODE_296_length_98_cov_717.000000 too short
INFO: NODE_297_length_98_cov_84.666667 too short
INFO: NODE_298_length_96_cov_85.894737 too short
INFO: NODE_299_length_96_cov_80.052632 too short
INFO: NODE_300_length_95_cov_188.944444 too short
INFO: NODE_301_length_95_cov_80.055556 too short
INFO: NODE_302_length_95_cov_54.888889 too short
INFO: NODE_303_length_94_cov_250.235294 too short
INFO: NODE_304_length_94_cov_230.647059 too short
INFO: NODE_305_length_94_cov_204.058824 too short
INFO: NODE_306_length_94_cov_102.058824 too short
INFO: NODE_307_length_94_cov_24.882353 too short
INFO: NODE_308_length_90_cov_79.230769 too short
INFO: NODE_309_length_90_cov_49.692308 too short
INFO: NODE_310_length_90_cov_25.692308 too short
INFO: NODE_311_length_89_cov_87.083333 too short
INFO: NODE_312_length_89_cov_69.000000 too short
INFO: NODE_313_length_89_cov_61.083333 too short
INFO: NODE_314_length_88_cov_30.000000 too short
INFO: NODE_315_length_88_cov_11.909091 too short
INFO: NODE_316_length_87_cov_173.700000 too short
INFO: NODE_317_length_87_cov_118.600000 too short
INFO: NODE_318_length_87_cov_103.100000 too short
INFO: NODE_319_length_86_cov_232.111111 too short
INFO: NODE_320_length_86_cov_130.444444 too short
INFO: NODE_321_length_86_cov_110.444444 too short
INFO: NODE_322_length_86_cov_89.555556 too short
INFO: NODE_323_length_85_cov_127.875000 too short
INFO: NODE_324_length_85_cov_58.750000 too short
INFO: NODE_325_length_85_cov_8.750000 too short
INFO: NODE_326_length_84_cov_239.142857 too short
INFO: NODE_327_length_84_cov_144.571429 too short
INFO: NODE_328_length_84_cov_113.571429 too short
INFO: NODE_329_length_84_cov_98.571429 too short
INFO: NODE_330_length_84_cov_66.857143 too short
INFO: NODE_331_length_83_cov_673.166667 too short
INFO: NODE_332_length_83_cov_534.000000 too short
INFO: NODE_333_length_83_cov_55.666667 too short
INFO: NODE_334_length_83_cov_42.500000 too short
INFO: NODE_335_length_82_cov_348.400000 too short
INFO: NODE_336_length_82_cov_318.400000 too short
INFO: NODE_337_length_82_cov_318.000000 too short
INFO: NODE_338_length_82_cov_261.800000 too short
INFO: NODE_339_length_82_cov_242.800000 too short
INFO: NODE_340_length_82_cov_183.600000 too short
INFO: NODE_341_length_82_cov_178.600000 too short
INFO: NODE_342_length_82_cov_170.000000 too short
INFO: NODE_343_length_82_cov_123.600000 too short
INFO: NODE_344_length_82_cov_117.400000 too short
INFO: NODE_345_length_82_cov_111.000000 too short
INFO: NODE_346_length_82_cov_106.600000 too short
INFO: NODE_347_length_82_cov_85.400000 too short
INFO: NODE_348_length_82_cov_55.400000 too short
INFO: NODE_349_length_82_cov_54.000000 too short
INFO: NODE_350_length_82_cov_49.200000 too short
INFO: NODE_351_length_82_cov_44.200000 too short
INFO: NODE_352_length_82_cov_30.200000 too short
INFO: NODE_353_length_81_cov_151.500000 too short
INFO: NODE_354_length_81_cov_79.000000 too short
INFO: NODE_355_length_81_cov_77.250000 too short
INFO: NODE_356_length_81_cov_16.750000 too short
INFO: NODE_357_length_81_cov_10.250000 too short
INFO: NODE_358_length_80_cov_185.000000 too short
INFO: NODE_359_length_80_cov_93.666667 too short
INFO: NODE_360_length_80_cov_88.000000 too short
INFO: NODE_361_length_80_cov_57.666667 too short
INFO: NODE_362_length_80_cov_43.666667 too short
INFO: NODE_363_length_80_cov_41.000000 too short
INFO: NODE_364_length_80_cov_10.000000 too short
INFO: NODE_365_length_79_cov_127.000000 too short
INFO: NODE_366_length_79_cov_90.000000 too short
INFO: NODE_367_length_79_cov_70.000000 too short
INFO: NODE_368_length_79_cov_48.500000 too short
INFO: NODE_369_length_78_cov_128.000000 too short
INFO: NODE_369_length_78_cov_128.000000 skewed GC
INFO: NODE_369_length_78_cov_128.000000 low compositional complexity
INFO: NODE_370_length_78_cov_62.000000 too short
INFO: NODE_371_length_78_cov_39.000000 too short
INFO: NODE_371_length_78_cov_39.000000 skewed GC
INFO: NODE_371_length_78_cov_39.000000 low compositional complexity

INFO: coverage quartiles of filtered contigs
    (including cov filt)
    25th=60.15
    50th=63.21
    75th=70.04

INFO: coverage of filtered contigs
    (including cov filt)
    minimum=39.36
    average=119.73
    maximum=2904.69

INFO: 371 contigs input
INFO: 2160142 bp input
INFO: 268 contigs discarded
INFO: 41306 bp discarded
INFO: 103 contigs output
INFO: 2118836 bp output

