INFO: detected velvet defline format

INFO: NODE_150_length_497_cov_13.680952 too short
INFO: NODE_151_length_493_cov_6.725962 too short
INFO: NODE_152_length_482_cov_2.846914 too short
INFO: NODE_152_length_482_cov_2.846914 low coverage
INFO: NODE_153_length_477_cov_7.190000 too short
INFO: NODE_154_length_463_cov_7.616580 too short
INFO: NODE_155_length_460_cov_65.644909 too short
INFO: NODE_156_length_441_cov_15.568681 too short
INFO: NODE_157_length_405_cov_7.024390 too short
INFO: NODE_158_length_402_cov_15.824615 too short
INFO: NODE_159_length_395_cov_18.374214 too short
INFO: NODE_160_length_382_cov_30.396721 too short
INFO: NODE_161_length_370_cov_14.378840 too short
INFO: NODE_162_length_355_cov_8.028777 too short
INFO: NODE_163_length_340_cov_83.695817 too short
INFO: NODE_164_length_338_cov_43.551724 too short
INFO: NODE_165_length_338_cov_6.203065 too short
INFO: NODE_166_length_320_cov_15.193416 too short
INFO: NODE_167_length_308_cov_14.225108 too short
INFO: NODE_168_length_303_cov_18.601770 too short
INFO: NODE_169_length_302_cov_16.835556 too short
INFO: NODE_170_length_297_cov_8.213636 too short
INFO: NODE_171_length_292_cov_7.474419 too short
INFO: NODE_172_length_288_cov_11.957346 too short
INFO: NODE_173_length_283_cov_11.266990 too short
INFO: NODE_174_length_282_cov_13.151220 too short
INFO: NODE_175_length_280_cov_7.566502 too short
INFO: NODE_176_length_278_cov_9.094527 too short
INFO: NODE_177_length_275_cov_13.707071 too short
INFO: NODE_178_length_272_cov_13.297436 too short
INFO: NODE_179_length_266_cov_40.116402 too short
INFO: NODE_180_length_266_cov_6.190476 too short
INFO: NODE_181_length_260_cov_82.393443 too short
INFO: NODE_182_length_259_cov_6.054945 too short
INFO: NODE_183_length_251_cov_13.488506 too short
INFO: NODE_184_length_249_cov_6.465116 too short
INFO: NODE_185_length_248_cov_22.654971 too short
INFO: NODE_186_length_247_cov_66.876471 too short
INFO: NODE_187_length_243_cov_33.361446 too short
INFO: NODE_188_length_241_cov_15.506098 too short
INFO: NODE_189_length_238_cov_155.875776 too short
INFO: NODE_190_length_233_cov_21.557692 too short
INFO: NODE_191_length_224_cov_6.183673 too short
INFO: NODE_192_length_221_cov_10.520833 too short
INFO: NODE_193_length_221_cov_6.701389 too short
INFO: NODE_194_length_220_cov_12.727273 too short
INFO: NODE_195_length_220_cov_9.804196 too short
INFO: NODE_196_length_219_cov_7.211268 too short
INFO: NODE_197_length_217_cov_13.350000 too short
INFO: NODE_198_length_215_cov_19.028986 too short
INFO: NODE_199_length_213_cov_8.022059 too short
INFO: NODE_200_length_211_cov_11.582090 too short
INFO: NODE_201_length_207_cov_13.323077 too short
INFO: NODE_202_length_206_cov_18.503876 too short
INFO: NODE_203_length_206_cov_13.821705 too short
INFO: NODE_204_length_205_cov_6.304688 too short
INFO: NODE_205_length_200_cov_9.146341 too short
INFO: NODE_206_length_194_cov_55.256410 too short
INFO: NODE_207_length_194_cov_37.649573 too short
INFO: NODE_208_length_186_cov_46.119266 too short
INFO: NODE_209_length_182_cov_81.942857 too short
INFO: NODE_210_length_181_cov_33.557692 too short
INFO: NODE_211_length_180_cov_16.834951 too short
INFO: NODE_212_length_179_cov_6.156863 too short
INFO: NODE_213_length_178_cov_10.940594 too short
INFO: NODE_214_length_175_cov_28.102041 too short
INFO: NODE_215_length_173_cov_7.458333 too short
INFO: NODE_216_length_172_cov_12.042105 too short
INFO: NODE_217_length_172_cov_6.463158 too short
INFO: NODE_218_length_170_cov_14.602151 too short
INFO: NODE_219_length_165_cov_13.181818 too short
INFO: NODE_220_length_165_cov_8.420455 too short
INFO: NODE_221_length_165_cov_5.784091 too short
INFO: NODE_222_length_164_cov_56.241379 too short
INFO: NODE_223_length_163_cov_37.174419 too short
INFO: NODE_224_length_163_cov_26.860465 too short
INFO: NODE_225_length_163_cov_17.558140 too short
INFO: NODE_226_length_162_cov_24.152941 too short
INFO: NODE_227_length_161_cov_44.464286 too short
INFO: NODE_228_length_157_cov_35.887500 too short
INFO: NODE_229_length_156_cov_20.620253 too short
INFO: NODE_230_length_155_cov_39.448718 too short
INFO: NODE_231_length_155_cov_38.628205 too short
INFO: NODE_232_length_155_cov_34.012821 too short
INFO: NODE_233_length_155_cov_32.769231 too short
INFO: NODE_234_length_155_cov_30.987179 too short
INFO: NODE_235_length_155_cov_29.153846 too short
INFO: NODE_236_length_155_cov_28.717949 too short
INFO: NODE_237_length_155_cov_28.333333 too short
INFO: NODE_238_length_155_cov_24.756410 too short
INFO: NODE_239_length_155_cov_22.769231 too short
INFO: NODE_240_length_155_cov_21.782051 too short
INFO: NODE_241_length_155_cov_17.589744 too short
INFO: NODE_242_length_155_cov_16.538462 too short
INFO: NODE_243_length_155_cov_15.500000 too short
INFO: NODE_244_length_155_cov_13.948718 too short
INFO: NODE_245_length_155_cov_13.525641 too short
INFO: NODE_246_length_155_cov_12.435897 too short
INFO: NODE_247_length_155_cov_11.641026 too short
INFO: NODE_248_length_155_cov_8.115385 too short
INFO: NODE_249_length_154_cov_109.129870 too short
INFO: NODE_250_length_154_cov_15.974026 too short
INFO: NODE_251_length_150_cov_14.342466 too short
INFO: NODE_252_length_150_cov_9.479452 too short
INFO: NODE_253_length_150_cov_7.739726 too short
INFO: NODE_254_length_149_cov_171.069444 too short
INFO: NODE_255_length_149_cov_18.333333 too short
INFO: NODE_256_length_149_cov_12.069444 too short
INFO: NODE_257_length_148_cov_28.098592 too short
INFO: NODE_258_length_148_cov_18.225352 too short
INFO: NODE_259_length_146_cov_33.971014 too short
INFO: NODE_260_length_142_cov_13.784615 too short
INFO: NODE_261_length_141_cov_19.437500 too short
INFO: NODE_262_length_140_cov_36.047619 too short
INFO: NODE_263_length_140_cov_6.492063 too short
INFO: NODE_264_length_138_cov_14.163934 too short
INFO: NODE_265_length_134_cov_7.263158 too short
INFO: NODE_266_length_133_cov_7.142857 too short
INFO: NODE_267_length_132_cov_14.145455 too short
INFO: NODE_268_length_130_cov_26.698113 too short
INFO: NODE_269_length_130_cov_20.000000 too short
INFO: NODE_270_length_129_cov_20.596154 too short
INFO: NODE_271_length_128_cov_25.019608 too short
INFO: NODE_272_length_128_cov_11.294118 too short
INFO: NODE_273_length_128_cov_10.725490 too short
INFO: NODE_274_length_127_cov_8.400000 too short
INFO: NODE_275_length_127_cov_7.820000 too short
INFO: NODE_276_length_126_cov_25.877551 too short
INFO: NODE_277_length_124_cov_16.702128 too short
INFO: NODE_278_length_124_cov_16.085106 too short
INFO: NODE_279_length_123_cov_44.434783 too short
INFO: NODE_280_length_123_cov_28.543478 too short
INFO: NODE_281_length_123_cov_12.173913 too short
INFO: NODE_282_length_122_cov_32.088889 too short
INFO: NODE_283_length_122_cov_11.355556 too short
INFO: NODE_284_length_121_cov_43.590909 too short
INFO: NODE_285_length_121_cov_21.863636 too short
INFO: NODE_286_length_121_cov_14.931818 too short
INFO: NODE_287_length_121_cov_14.181818 too short
INFO: NODE_288_length_120_cov_6.906977 too short
INFO: NODE_289_length_119_cov_15.071429 too short
INFO: NODE_290_length_116_cov_112.333333 too short
INFO: NODE_291_length_116_cov_75.435897 too short
INFO: NODE_292_length_116_cov_9.358974 too short
INFO: NODE_293_length_116_cov_6.358974 too short
INFO: NODE_294_length_115_cov_98.973684 too short
INFO: NODE_295_length_115_cov_10.842105 too short
INFO: NODE_296_length_114_cov_14.027027 too short
INFO: NODE_297_length_112_cov_41.400000 too short
INFO: NODE_298_length_112_cov_36.828571 too short
INFO: NODE_299_length_112_cov_6.971429 too short
INFO: NODE_300_length_111_cov_87.941176 too short
INFO: NODE_301_length_111_cov_51.147059 too short
INFO: NODE_302_length_111_cov_13.352941 too short
INFO: NODE_303_length_110_cov_17.000000 too short
INFO: NODE_304_length_108_cov_84.322581 too short
INFO: NODE_305_length_107_cov_14.466667 too short
INFO: NODE_306_length_106_cov_8.448276 too short
INFO: NODE_307_length_105_cov_39.285714 too short
INFO: NODE_308_length_105_cov_22.678571 too short
INFO: NODE_309_length_105_cov_19.035714 too short
INFO: NODE_310_length_105_cov_16.892857 too short
INFO: NODE_311_length_105_cov_15.000000 too short
INFO: NODE_312_length_105_cov_14.892857 too short
INFO: NODE_313_length_105_cov_12.714286 too short
INFO: NODE_314_length_104_cov_100.444444 too short
INFO: NODE_315_length_104_cov_84.370370 too short
INFO: NODE_316_length_104_cov_9.666667 too short
INFO: NODE_317_length_102_cov_43.520000 too short
INFO: NODE_318_length_101_cov_41.791667 too short
INFO: NODE_319_length_101_cov_10.958333 too short
INFO: NODE_320_length_100_cov_127.000000 too short
INFO: NODE_321_length_100_cov_21.086957 too short
INFO: NODE_322_length_100_cov_21.086957 too short
INFO: NODE_323_length_100_cov_10.826087 too short
INFO: NODE_324_length_99_cov_62.909091 too short
INFO: NODE_325_length_96_cov_27.631579 too short
INFO: NODE_326_length_96_cov_18.368421 too short
INFO: NODE_327_length_95_cov_103.722222 too short
INFO: NODE_328_length_95_cov_38.111111 too short
INFO: NODE_329_length_95_cov_21.888889 too short
INFO: NODE_330_length_95_cov_7.055556 too short
INFO: NODE_331_length_94_cov_36.235294 too short
INFO: NODE_332_length_94_cov_9.470588 too short
INFO: NODE_333_length_94_cov_6.000000 too short
INFO: NODE_334_length_93_cov_78.000000 too short
INFO: NODE_335_length_93_cov_59.250000 too short
INFO: NODE_336_length_92_cov_12.666667 too short
INFO: NODE_337_length_90_cov_39.769231 too short
INFO: NODE_338_length_89_cov_24.916667 too short
INFO: NODE_339_length_89_cov_11.916667 too short
INFO: NODE_340_length_88_cov_9.727273 too short
INFO: NODE_341_length_87_cov_40.000000 too short
INFO: NODE_342_length_87_cov_34.000000 too short
INFO: NODE_343_length_86_cov_27.222222 too short
INFO: NODE_344_length_86_cov_21.555556 too short
INFO: NODE_345_length_84_cov_55.285714 too short
INFO: NODE_346_length_84_cov_53.142857 too short
INFO: NODE_347_length_84_cov_15.000000 too short
INFO: NODE_348_length_84_cov_7.857143 too short
INFO: NODE_348_length_84_cov_7.857143 low compositional complexity
INFO: NODE_349_length_84_cov_3.285714 too short
INFO: NODE_349_length_84_cov_3.285714 low coverage
INFO: NODE_350_length_83_cov_31.500000 too short
INFO: NODE_351_length_82_cov_77.400000 too short
INFO: NODE_352_length_82_cov_52.200000 too short
INFO: NODE_353_length_82_cov_25.000000 too short
INFO: NODE_354_length_82_cov_4.200000 too short
INFO: NODE_354_length_82_cov_4.200000 low coverage
INFO: NODE_354_length_82_cov_4.200000 low compositional complexity
INFO: NODE_355_length_81_cov_77.000000 too short
INFO: NODE_356_length_81_cov_69.000000 too short
INFO: NODE_357_length_81_cov_46.250000 too short
INFO: NODE_358_length_81_cov_33.000000 too short
INFO: NODE_359_length_81_cov_23.500000 too short
INFO: NODE_360_length_81_cov_14.000000 too short
INFO: NODE_361_length_81_cov_7.000000 too short
INFO: NODE_362_length_81_cov_1.000000 too short
INFO: NODE_362_length_81_cov_1.000000 low coverage
INFO: NODE_363_length_80_cov_21.666667 too short
INFO: NODE_364_length_79_cov_82.000000 too short
INFO: NODE_365_length_79_cov_52.000000 too short
INFO: NODE_366_length_79_cov_11.000000 too short
INFO: NODE_367_length_78_cov_685.000000 too short
INFO: NODE_367_length_78_cov_685.000000 skewed GC
INFO: NODE_367_length_78_cov_685.000000 low compositional complexity
INFO: NODE_368_length_78_cov_60.000000 too short
INFO: NODE_369_length_78_cov_18.000000 too short

INFO: coverage quartiles of filtered contigs
    (including cov filt)
    25th=10.31
    50th=11.22
    75th=12.38

INFO: coverage of filtered contigs
    (including cov filt)
    minimum=5.30
    average=19.07
    maximum=765.28

INFO: 369 contigs input
INFO: 2153218 bp input
INFO: 220 contigs discarded
INFO: 36795 bp discarded
INFO: 149 contigs output
INFO: 2116423 bp output

